c:\fall-2019\bin\release\intermediate\vc142.pdb
c:\fall-2019\bin\release\intermediate\renderpass.obj
c:\fall-2019\bin\release\intermediate\main.obj
c:\fall-2019\bin\release\intermediate\renderer.obj
c:\fall-2019\bin\release\intermediate\integrator.obj
c:\a5\fall-2019\bin\release\intermediate\vc142.pdb
c:\a5\fall-2019\bin\release\intermediate\renderpass.obj
c:\a5\fall-2019\bin\release\intermediate\main.obj
c:\a5\fall-2019\bin\release\intermediate\renderer.obj
c:\a5\fall-2019\bin\release\intermediate\integrator.obj
c:\fall-2019\bin\release\tinyrender.exe
c:\fall-2019\bin\release\tinyrender.pdb
c:\a5\fall-2019\bin\release\tinyrender.exe
c:\a5\fall-2019\bin\release\tinyrender.pdb
c:\a5\fall-2019\bin\release\intermediate\tinyrender.tlog\cl.command.1.tlog
c:\a5\fall-2019\bin\release\intermediate\tinyrender.tlog\cl.read.1.tlog
c:\a5\fall-2019\bin\release\intermediate\tinyrender.tlog\cl.write.1.tlog
c:\a5\fall-2019\bin\release\intermediate\tinyrender.tlog\link.command.1.tlog
c:\a5\fall-2019\bin\release\intermediate\tinyrender.tlog\link.delete.1.tlog
c:\a5\fall-2019\bin\release\intermediate\tinyrender.tlog\link.read.1.tlog
c:\a5\fall-2019\bin\release\intermediate\tinyrender.tlog\link.write.1.tlog
